<?xml version="1.0" encoding="UTF-8"?>
<!-- Generated by org.testng.reporters.JUnitReportReporter -->
<testsuite skipped="0" hostname="DESKTOP-5HEF6VE" name="jenkins.NewTest" tests="1" failures="0" timestamp="07 Nov 2019 09:24:49 GMT" time="13.668" errors="0">
  <testcase name="fun" time="13.668" classname="jenkins.NewTest"/>
</testsuite> <!-- jenkins.NewTest -->
